<?xml version="1.0" encoding="UTF-8"?>
<!-- Generated by org.testng.reporters.JUnitXMLReporter -->
<testsuite ignored="0" hostname="kavya" failures="0" tests="6" name="ChromeTest" time="0.118" errors="0" timestamp="2024-11-07T16:27:03 IST">
  <testcase classname="com.Ecommerce.instaSnap.ProductTest.VerfiyElectronicProduct" name="createProduct" time="0.012"/>
  <testcase classname="com.Ecommerce.instaSnap.ProductTest.VerfiyElectronicProduct" name="updateproduct" time="0.003"/>
  <testcase classname="com.Ecommerce.instaSnap.ProductTest.VerfiyElectronicProduct" name="updateproduct" time="0.002"/>
  <testcase classname="com.Ecommerce.instaSnap.ProductTest.VerifyKidsProduct" name="createProduct" time="0.003"/>
  <testcase classname="com.Ecommerce.instaSnap.ProductTest.VerifyKidsProduct" name="updateproduct" time="0.002"/>
  <testcase classname="com.Ecommerce.instaSnap.ProductTest.VerifyKidsProduct" name="updateproduct" time="0.002"/>
</testsuite> <!-- ChromeTest -->
