<?xml version="1.0" encoding="UTF-8"?>
<testng-results ignored="0" total="6" passed="6" failed="0" skipped="0">
  <reporter-output>
    <line>
      <![CDATA[Brower launched Successfully]]>
    </line>
    <line>
      <![CDATA[login Successfully]]>
    </line>
    <line>
      <![CDATA[Electronic Product Created]]>
    </line>
    <line>
      <![CDATA[logout Successfully]]>
    </line>
    <line>
      <![CDATA[login Successfully]]>
    </line>
    <line>
      <![CDATA[Electronic Product Updated]]>
    </line>
    <line>
      <![CDATA[logout Successfully]]>
    </line>
    <line>
      <![CDATA[login Successfully]]>
    </line>
    <line>
      <![CDATA[Electronic Product Updated]]>
    </line>
    <line>
      <![CDATA[logout Successfully]]>
    </line>
    <line>
      <![CDATA[Brower terminate Successfully]]>
    </line>
    <line>
      <![CDATA[Brower launched Successfully]]>
    </line>
    <line>
      <![CDATA[login Successfully]]>
    </line>
    <line>
      <![CDATA[kids Product Created]]>
    </line>
    <line>
      <![CDATA[logout Successfully]]>
    </line>
    <line>
      <![CDATA[login Successfully]]>
    </line>
    <line>
      <![CDATA[kids Product Updated]]>
    </line>
    <line>
      <![CDATA[logout Successfully]]>
    </line>
    <line>
      <![CDATA[login Successfully]]>
    </line>
    <line>
      <![CDATA[kids Product Updated]]>
    </line>
    <line>
      <![CDATA[logout Successfully]]>
    </line>
    <line>
      <![CDATA[Brower terminate Successfully]]>
    </line>
  </reporter-output>
  <suite started-at="2024-11-07T16:27:03 IST" name="Suite" finished-at="2024-11-07T16:27:03 IST" duration-ms="118">
    <groups>
    </groups>
    <test started-at="2024-11-07T16:27:03 IST" name="ChromeTest" finished-at="2024-11-07T16:27:03 IST" duration-ms="118">
      <class name="com.Ecommerce.instaSnap.ProductTest.VerfiyElectronicProduct">
        <test-method is-config="true" signature="BrowserSetup()[pri:0, instance:com.Ecommerce.instaSnap.ProductTest.VerfiyElectronicProduct@4a883b15]" started-at="2024-11-07T16:27:03 IST" name="BrowserSetup" finished-at="2024-11-07T16:27:03 IST" duration-ms="10" status="PASS">
          <reporter-output>
            <line>
              <![CDATA[Brower launched Successfully]]>
            </line>
          </reporter-output>
        </test-method> <!-- BrowserSetup -->
        <test-method is-config="true" signature="login()[pri:0, instance:com.Ecommerce.instaSnap.ProductTest.VerfiyElectronicProduct@4a883b15]" started-at="2024-11-07T16:27:03 IST" name="login" finished-at="2024-11-07T16:27:03 IST" duration-ms="0" status="PASS">
          <reporter-output>
            <line>
              <![CDATA[login Successfully]]>
            </line>
          </reporter-output>
        </test-method> <!-- login -->
        <test-method signature="createProduct()[pri:1, instance:com.Ecommerce.instaSnap.ProductTest.VerfiyElectronicProduct@4a883b15]" started-at="2024-11-07T16:27:03 IST" name="createProduct" finished-at="2024-11-07T16:27:03 IST" duration-ms="12" status="PASS">
          <reporter-output>
            <line>
              <![CDATA[Electronic Product Created]]>
            </line>
          </reporter-output>
        </test-method> <!-- createProduct -->
        <test-method is-config="true" signature="logout()[pri:0, instance:com.Ecommerce.instaSnap.ProductTest.VerfiyElectronicProduct@4a883b15]" started-at="2024-11-07T16:27:03 IST" name="logout" finished-at="2024-11-07T16:27:03 IST" duration-ms="1" status="PASS">
          <reporter-output>
            <line>
              <![CDATA[logout Successfully]]>
            </line>
          </reporter-output>
        </test-method> <!-- logout -->
        <test-method is-config="true" signature="login()[pri:0, instance:com.Ecommerce.instaSnap.ProductTest.VerfiyElectronicProduct@4a883b15]" started-at="2024-11-07T16:27:03 IST" name="login" finished-at="2024-11-07T16:27:03 IST" duration-ms="0" status="PASS">
          <reporter-output>
            <line>
              <![CDATA[login Successfully]]>
            </line>
          </reporter-output>
        </test-method> <!-- login -->
        <test-method signature="updateproduct()[pri:2, instance:com.Ecommerce.instaSnap.ProductTest.VerfiyElectronicProduct@4a883b15]" started-at="2024-11-07T16:27:03 IST" name="updateproduct" finished-at="2024-11-07T16:27:03 IST" depends-on-methods="com.Ecommerce.instaSnap.ProductTest.VerfiyElectronicProduct.createProduct" duration-ms="3" status="PASS">
          <reporter-output>
            <line>
              <![CDATA[Electronic Product Updated]]>
            </line>
          </reporter-output>
        </test-method> <!-- updateproduct -->
        <test-method is-config="true" signature="logout()[pri:0, instance:com.Ecommerce.instaSnap.ProductTest.VerfiyElectronicProduct@4a883b15]" started-at="2024-11-07T16:27:03 IST" name="logout" finished-at="2024-11-07T16:27:03 IST" duration-ms="1" status="PASS">
          <reporter-output>
            <line>
              <![CDATA[logout Successfully]]>
            </line>
          </reporter-output>
        </test-method> <!-- logout -->
        <test-method is-config="true" signature="login()[pri:0, instance:com.Ecommerce.instaSnap.ProductTest.VerfiyElectronicProduct@4a883b15]" started-at="2024-11-07T16:27:03 IST" name="login" finished-at="2024-11-07T16:27:03 IST" duration-ms="0" status="PASS">
          <reporter-output>
            <line>
              <![CDATA[login Successfully]]>
            </line>
          </reporter-output>
        </test-method> <!-- login -->
        <test-method signature="updateproduct()[pri:2, instance:com.Ecommerce.instaSnap.ProductTest.VerfiyElectronicProduct@4a883b15]" started-at="2024-11-07T16:27:03 IST" name="updateproduct" finished-at="2024-11-07T16:27:03 IST" depends-on-methods="com.Ecommerce.instaSnap.ProductTest.VerfiyElectronicProduct.createProduct" duration-ms="2" status="PASS">
          <reporter-output>
            <line>
              <![CDATA[Electronic Product Updated]]>
            </line>
          </reporter-output>
        </test-method> <!-- updateproduct -->
        <test-method is-config="true" signature="logout()[pri:0, instance:com.Ecommerce.instaSnap.ProductTest.VerfiyElectronicProduct@4a883b15]" started-at="2024-11-07T16:27:03 IST" name="logout" finished-at="2024-11-07T16:27:03 IST" duration-ms="1" status="PASS">
          <reporter-output>
            <line>
              <![CDATA[logout Successfully]]>
            </line>
          </reporter-output>
        </test-method> <!-- logout -->
        <test-method is-config="true" signature="terminateBrower()[pri:0, instance:com.Ecommerce.instaSnap.ProductTest.VerfiyElectronicProduct@4a883b15]" started-at="2024-11-07T16:27:03 IST" name="terminateBrower" finished-at="2024-11-07T16:27:03 IST" duration-ms="1" status="PASS">
          <reporter-output>
            <line>
              <![CDATA[Brower terminate Successfully]]>
            </line>
          </reporter-output>
        </test-method> <!-- terminateBrower -->
      </class> <!-- com.Ecommerce.instaSnap.ProductTest.VerfiyElectronicProduct -->
      <class name="com.Ecommerce.instaSnap.ProductTest.VerifyKidsProduct">
        <test-method is-config="true" signature="BrowserSetup()[pri:0, instance:com.Ecommerce.instaSnap.ProductTest.VerifyKidsProduct@229c6181]" started-at="2024-11-07T16:27:03 IST" name="BrowserSetup" finished-at="2024-11-07T16:27:03 IST" duration-ms="1" status="PASS">
          <reporter-output>
            <line>
              <![CDATA[Brower launched Successfully]]>
            </line>
          </reporter-output>
        </test-method> <!-- BrowserSetup -->
        <test-method is-config="true" signature="login()[pri:0, instance:com.Ecommerce.instaSnap.ProductTest.VerifyKidsProduct@229c6181]" started-at="2024-11-07T16:27:03 IST" name="login" finished-at="2024-11-07T16:27:03 IST" duration-ms="0" status="PASS">
          <reporter-output>
            <line>
              <![CDATA[login Successfully]]>
            </line>
          </reporter-output>
        </test-method> <!-- login -->
        <test-method signature="createProduct()[pri:1, instance:com.Ecommerce.instaSnap.ProductTest.VerifyKidsProduct@229c6181]" started-at="2024-11-07T16:27:03 IST" name="createProduct" finished-at="2024-11-07T16:27:03 IST" duration-ms="3" status="PASS">
          <reporter-output>
            <line>
              <![CDATA[kids Product Created]]>
            </line>
          </reporter-output>
        </test-method> <!-- createProduct -->
        <test-method is-config="true" signature="logout()[pri:0, instance:com.Ecommerce.instaSnap.ProductTest.VerifyKidsProduct@229c6181]" started-at="2024-11-07T16:27:03 IST" name="logout" finished-at="2024-11-07T16:27:03 IST" duration-ms="1" status="PASS">
          <reporter-output>
            <line>
              <![CDATA[logout Successfully]]>
            </line>
          </reporter-output>
        </test-method> <!-- logout -->
        <test-method is-config="true" signature="login()[pri:0, instance:com.Ecommerce.instaSnap.ProductTest.VerifyKidsProduct@229c6181]" started-at="2024-11-07T16:27:03 IST" name="login" finished-at="2024-11-07T16:27:03 IST" duration-ms="0" status="PASS">
          <reporter-output>
            <line>
              <![CDATA[login Successfully]]>
            </line>
          </reporter-output>
        </test-method> <!-- login -->
        <test-method signature="updateproduct()[pri:2, instance:com.Ecommerce.instaSnap.ProductTest.VerifyKidsProduct@229c6181]" started-at="2024-11-07T16:27:03 IST" name="updateproduct" finished-at="2024-11-07T16:27:03 IST" depends-on-methods="com.Ecommerce.instaSnap.ProductTest.VerifyKidsProduct.createProduct" duration-ms="2" status="PASS">
          <reporter-output>
            <line>
              <![CDATA[kids Product Updated]]>
            </line>
          </reporter-output>
        </test-method> <!-- updateproduct -->
        <test-method is-config="true" signature="login()[pri:0, instance:com.Ecommerce.instaSnap.ProductTest.VerifyKidsProduct@229c6181]" started-at="2024-11-07T16:27:03 IST" name="login" finished-at="2024-11-07T16:27:03 IST" duration-ms="1" status="PASS">
          <reporter-output>
            <line>
              <![CDATA[login Successfully]]>
            </line>
          </reporter-output>
        </test-method> <!-- login -->
        <test-method is-config="true" signature="logout()[pri:0, instance:com.Ecommerce.instaSnap.ProductTest.VerifyKidsProduct@229c6181]" started-at="2024-11-07T16:27:03 IST" name="logout" finished-at="2024-11-07T16:27:03 IST" duration-ms="0" status="PASS">
          <reporter-output>
            <line>
              <![CDATA[logout Successfully]]>
            </line>
          </reporter-output>
        </test-method> <!-- logout -->
        <test-method signature="updateproduct()[pri:2, instance:com.Ecommerce.instaSnap.ProductTest.VerifyKidsProduct@229c6181]" started-at="2024-11-07T16:27:03 IST" name="updateproduct" finished-at="2024-11-07T16:27:03 IST" depends-on-methods="com.Ecommerce.instaSnap.ProductTest.VerifyKidsProduct.createProduct" duration-ms="2" status="PASS">
          <reporter-output>
            <line>
              <![CDATA[kids Product Updated]]>
            </line>
          </reporter-output>
        </test-method> <!-- updateproduct -->
        <test-method is-config="true" signature="logout()[pri:0, instance:com.Ecommerce.instaSnap.ProductTest.VerifyKidsProduct@229c6181]" started-at="2024-11-07T16:27:03 IST" name="logout" finished-at="2024-11-07T16:27:03 IST" duration-ms="2" status="PASS">
          <reporter-output>
            <line>
              <![CDATA[logout Successfully]]>
            </line>
          </reporter-output>
        </test-method> <!-- logout -->
        <test-method is-config="true" signature="terminateBrower()[pri:0, instance:com.Ecommerce.instaSnap.ProductTest.VerifyKidsProduct@229c6181]" started-at="2024-11-07T16:27:03 IST" name="terminateBrower" finished-at="2024-11-07T16:27:03 IST" duration-ms="0" status="PASS">
          <reporter-output>
            <line>
              <![CDATA[Brower terminate Successfully]]>
            </line>
          </reporter-output>
        </test-method> <!-- terminateBrower -->
      </class> <!-- com.Ecommerce.instaSnap.ProductTest.VerifyKidsProduct -->
    </test> <!-- ChromeTest -->
  </suite> <!-- Suite -->
</testng-results>
